Using pre-set license

 COMMAND LINE ARGUMENTS:
/Applications/Unity/Hub/Editor/2020.2.1f1/Unity.app/Contents/MacOS/Unity
-adb2
-batchMode
-noUpm
-name
AssetImportWorker0
-projectPath
/Users/sonic/beridAlive
-logFile
Logs/AssetImportWorker0.log
-srvPort
50804
Successfully changed project path to: /Users/sonic/beridAlive
/Users/sonic/beridAlive
Using Asset Import Pipeline V2.
Refreshing native plugins compatible for Editor in 63.90 ms, found 2 plugins.
Preloading 0 native plugins for Editor in 0.00 ms.
Initialize engine version: 2020.2.1f1 (270dd8c3da1c)
[Subsystems] Discovering subsystems at path /Applications/Unity/Hub/Editor/2020.2.1f1/Unity.app/Contents/Resources/UnitySubsystems
[Subsystems] Discovering subsystems at path /Users/sonic/beridAlive/Assets
GfxDevice: creating device client; threaded=0
2023-03-13 11:28:59.948 Unity[49569:4750324] Color LCD preferred device: AMD Radeon Pro 555X (high power)
2023-03-13 11:28:59.948 Unity[49569:4750324] Metal devices available: 2
2023-03-13 11:28:59.948 Unity[49569:4750324] 0: AMD Radeon Pro 555X (high power)
2023-03-13 11:28:59.948 Unity[49569:4750324] 1: Intel(R) UHD Graphics 630 (low power)
2023-03-13 11:28:59.948 Unity[49569:4750324] Using device AMD Radeon Pro 555X (high power)
Initializing Metal device caps: AMD Radeon Pro 555X
Initialize mono
Mono path[0] = '/Applications/Unity/Hub/Editor/2020.2.1f1/Unity.app/Contents/Managed'
Mono path[1] = '/Applications/Unity/Hub/Editor/2020.2.1f1/Unity.app/Contents/MonoBleedingEdge/lib/mono/unityjit'
Mono config path = '/Applications/Unity/Hub/Editor/2020.2.1f1/Unity.app/Contents/MonoBleedingEdge/etc'
Using monoOptions --debugger-agent=transport=dt_socket,embedding=1,server=y,suspend=n,address=127.0.0.1:56569
Begin MonoManager ReloadAssembly
Registering precompiled unity dll's ...
Register platform support module: /Applications/Unity/Hub/Editor/2020.2.1f1/PlaybackEngines/WebGLSupport/UnityEditor.WebGL.Extensions.dll
Register platform support module: /Applications/Unity/Hub/Editor/2020.2.1f1/Unity.app/Contents/PlaybackEngines/MacStandaloneSupport/UnityEditor.OSXStandalone.Extensions.dll
Register platform support module: /Applications/Unity/Hub/Editor/2020.2.1f1/PlaybackEngines/WindowsStandaloneSupport/UnityEditor.WindowsStandalone.Extensions.dll
Registered in 0.000705 seconds.
Native extension for WindowsStandalone target not found
Native extension for OSXStandalone target not found
Native extension for WebGL target not found
Refreshing native plugins compatible for Editor in 48.85 ms, found 2 plugins.
Preloading 0 native plugins for Editor in 0.00 ms.
Invoked RoslynAnalysisRunner static constructor.
RoslynAnalysisRunner will not be running.
RoslynAnalysisRunner has terminated.
Mono: successfully reloaded assembly
- Completed reload, in  1.702 seconds
Platform modules already initialized, skipping
Registering precompiled user dll's ...
Registered in 0.000621 seconds.
Begin MonoManager ReloadAssembly
Native extension for WindowsStandalone target not found
Native extension for OSXStandalone target not found
Native extension for WebGL target not found
Refreshing native plugins compatible for Editor in 49.83 ms, found 2 plugins.
Preloading 0 native plugins for Editor in 0.00 ms.
Invoked RoslynAnalysisRunner static constructor.
RoslynAnalysisRunner will not be running.
RoslynAnalysisRunner has terminated.
Mono: successfully reloaded assembly
- Completed reload, in  1.077 seconds
Platform modules already initialized, skipping
========================================================================
Worker process is ready to serve import requests
Launching external process: /Applications/Unity/Hub/Editor/2020.2.1f1/Unity.app/Contents/Tools/UnityShaderCompiler
Launched and connected shader compiler UnityShaderCompiler after 0.02 seconds
Refreshing native plugins compatible for Editor in 0.56 ms, found 2 plugins.
Preloading 0 native plugins for Editor in 0.00 ms.
Unloading 2266 Unused Serialized files (Serialized files now loaded: 0)
System memory in use before: 167.6 MB.
System memory in use after: 167.7 MB.

Unloading 21 unused Assets to reduce memory usage. Loaded Objects now: 2711.
Total: 2.818448 ms (FindLiveObjects: 0.283666 ms CreateObjectMapping: 0.116819 ms MarkObjects: 2.344627 ms  DeleteObjects: 0.072022 ms)

========================================================================
Received Import Request.
  path: Assets/Scenes/prototype 2.unity
  artifactKey: Guid(d97eecc4488defe4aa00a7a6222a1245) Importer(815301076,1909f56bfc062723c751e8b465ee728b)
Start importing Assets/Scenes/prototype 2.unity using Guid(d97eecc4488defe4aa00a7a6222a1245) Importer(815301076,1909f56bfc062723c751e8b465ee728b)  -> (artifact id: '30f12023c6016c552eeadf2b20dc99f8') in 0.014316 seconds
  Import took 0.018956 seconds .

========================================================================
Received Import Request.
  Time since last request: 0.005648 seconds.
  path: Assets/Scenes/prototype 2.unity
  artifactKey: Guid(d97eecc4488defe4aa00a7a6222a1245) Importer(815301076,1909f56bfc062723c751e8b465ee728b)
Start importing Assets/Scenes/prototype 2.unity using Guid(d97eecc4488defe4aa00a7a6222a1245) Importer(815301076,1909f56bfc062723c751e8b465ee728b)  -> (artifact id: '30f12023c6016c552eeadf2b20dc99f8') in 0.001273 seconds
  Import took 0.005011 seconds .

========================================================================
Received Import Request.
  Time since last request: 814.499993 seconds.
  path: Assets/InputSets/PrimaryControls.inputactions
  artifactKey: Guid(86dcb6eafbd5e4847a104c464769d628) Importer(815301076,1909f56bfc062723c751e8b465ee728b)
Start importing Assets/InputSets/PrimaryControls.inputactions using Guid(86dcb6eafbd5e4847a104c464769d628) Importer(815301076,1909f56bfc062723c751e8b465ee728b)  -> (artifact id: '5984c1c41d6763c381a4acfc7820450e') in 0.180292 seconds
  Import took 0.244361 seconds .

